<?xml version="1.0" encoding="UTF-8"?>
<!-- Generated by org.testng.reporters.JUnitReportReporter -->
<testsuite skipped="0" hostname="LC85B76863433" name="com.giveindia.Ayushman.Main.TC03_CountNumberOfPDFLinksInReference" tests="1" failures="0" timestamp="13 Sep 2019 15:24:28 GMT" time="0.521" errors="0">
  <testcase name="getTheNumberOfPDFLinksInReference" time="0.521" classname="com.giveindia.Ayushman.Main.TC03_CountNumberOfPDFLinksInReference"/>
</testsuite> <!-- com.giveindia.Ayushman.Main.TC03_CountNumberOfPDFLinksInReference -->
