<?xml version="1.0" encoding="UTF-8"?>
<!-- Generated by org.testng.reporters.JUnitReportReporter -->
<testsuite skipped="0" hostname="LC85B76863433" name="com.giveindia.Ayushman.Main.TC01_ExternalLinkAndOxygenLink" tests="2" failures="0" timestamp="13 Sep 2019 13:42:18 GMT" time="1.578" errors="0">
  <testcase name="verifyAndClickOnExternalLink" time="0.321" classname="com.giveindia.Ayushman.Main.TC01_ExternalLinkAndOxygenLink"/>
  <testcase name="clickOnOxygenTable" time="1.257" classname="com.giveindia.Ayushman.Main.TC01_ExternalLinkAndOxygenLink"/>
</testsuite> <!-- com.giveindia.Ayushman.Main.TC01_ExternalLinkAndOxygenLink -->
