<?xml version="1.0" encoding="UTF-8"?>
<!-- Generated by org.testng.reporters.JUnitReportReporter -->
<testsuite skipped="0" hostname="LC85B76863433" name="com.giveindia.Ayushman.Main.ExternalLinkAndOxygenLink" tests="1" failures="0" timestamp="13 Sep 2019 13:07:31 GMT" time="0.590" errors="0">
  <testcase name="verifyAndClickOnExternalLink" time="0.590" classname="com.giveindia.Ayushman.Main.ExternalLinkAndOxygenLink"/>
</testsuite> <!-- com.giveindia.Ayushman.Main.ExternalLinkAndOxygenLink -->
