<?xml version="1.0" encoding="UTF-8"?>
<!-- Generated by org.testng.reporters.JUnitReportReporter -->
<testsuite skipped="0" hostname="LC85B76863433" name="com.giveindia.Ayushman.Main.BaseClass" tests="1" failures="0" timestamp="13 Sep 2019 12:30:12 GMT" time="0.945" errors="0">
  <testcase name="verifyAndClickOnExternalLink" time="0.945" classname="com.giveindia.Ayushman.Main.BaseClass"/>
</testsuite> <!-- com.giveindia.Ayushman.Main.BaseClass -->
