<?xml version="1.0" encoding="UTF-8"?>
<!-- Generated by org.testng.reporters.JUnitReportReporter -->
<testsuite name="com.GIveIndia.Assessment.Test.TC01_ExternalLinkAndOxygenLink" tests="2" time="9.401" ignored="0" failures="0" timestamp="14 Sep 2019 06:43:57 GMT" skipped="0" hostname="WHIPPEDGIRL" errors="0">
  <testcase name="clickOnOxygenTable" time="8.199" classname="com.GIveIndia.Assessment.Test.TC01_ExternalLinkAndOxygenLink"/>
  <testcase name="verifyAndClickOnExternalLink" time="1.202" classname="com.GIveIndia.Assessment.Test.TC01_ExternalLinkAndOxygenLink"/>
</testsuite> <!-- com.GIveIndia.Assessment.Test.TC01_ExternalLinkAndOxygenLink -->
