<?xml version="1.0" encoding="UTF-8"?>
<!-- Generated by org.testng.reporters.JUnitReportReporter -->
<testsuite name="com.GIveIndia.Assessment.Test.TC04_SearchOptions" tests="1" time="1.825" ignored="0" failures="0" timestamp="14 Sep 2019 09:07:10 GMT" skipped="0" hostname="WHIPPEDGIRL" errors="0">
  <testcase name="searchingForPlutoAndVerifyPositionOfPlutonium" time="1.825" classname="com.GIveIndia.Assessment.Test.TC04_SearchOptions"/>
</testsuite> <!-- com.GIveIndia.Assessment.Test.TC04_SearchOptions -->
